<?xml version="1.0" encoding="UTF-8"?>
<!-- Generated by org.testng.reporters.JUnitReportReporter -->
<testsuite hostname="LAPTOP-KBNO7HO9" failures="0" tests="2" name="test.TC003_PositiveLogIn_Testcase" time="88.064" errors="0" timestamp="05 Dec 2023 14:52:44 GMT" skipped="0">
  <testcase classname="test.TC003_PositiveLogIn_Testcase" name="logInTest" time="44.213"/>
  <testcase classname="test.TC003_PositiveLogIn_Testcase" name="logInTest" time="43.851"/>
</testsuite> <!-- test.TC003_PositiveLogIn_Testcase -->
