<?xml version="1.0" encoding="UTF-8"?>
<!-- Generated by org.testng.reporters.JUnitReportReporter -->
<testsuite hostname="LAPTOP-KBNO7HO9" failures="0" tests="2" name="test.TC004_NegativeLogIn_Testcase" time="103.451" errors="0" timestamp="05 Dec 2023 08:59:49 GMT" skipped="0">
  <testcase classname="test.TC004_NegativeLogIn_Testcase" name="logInTest" time="52.958"/>
  <testcase classname="test.TC004_NegativeLogIn_Testcase" name="logInTest" time="50.493"/>
</testsuite> <!-- test.TC004_NegativeLogIn_Testcase -->
