<?xml version="1.0" encoding="UTF-8"?>
<!-- Generated by org.testng.reporters.JUnitReportReporter -->
<testsuite hostname="LAPTOP-KBNO7HO9" failures="0" tests="1" name="test.TC003_HomePageTest" time="126.574" errors="0" timestamp="05 Dec 2023 09:11:50 GMT" skipped="0">
  <testcase classname="test.TC003_HomePageTest" name="HomePageTest" time="126.574"/>
</testsuite> <!-- test.TC003_HomePageTest -->
