<?xml version="1.0" encoding="UTF-8"?>
<!-- Generated by org.testng.reporters.JUnitReportReporter -->
<testsuite hostname="LAPTOP-KBNO7HO9" failures="0" tests="1" name="test.TC005_AddToCart" time="158.930" errors="0" timestamp="05 Dec 2023 06:28:36 GMT" skipped="0">
  <testcase classname="test.TC005_AddToCart" name="AddToCartPageTest" time="158.930"/>
</testsuite> <!-- test.TC005_AddToCart -->
