<?xml version="1.0" encoding="UTF-8"?>
<!-- Generated by org.testng.reporters.JUnitReportReporter -->
<testsuite hostname="LAPTOP-KBNO7HO9" failures="0" tests="1" name="test.TC001_RegisterTest" time="0.000" errors="0" timestamp="22 Nov 2023 04:25:30 GMT" skipped="1">
  <testcase classname="test.TC001_RegisterTest" name="registerTest" time="0.000">
    <skipped/>
  </testcase> <!-- registerTest -->
</testsuite> <!-- test.TC001_RegisterTest -->
