<?xml version="1.0" encoding="UTF-8"?>
<!-- Generated by org.testng.reporters.JUnitReportReporter -->
<testsuite hostname="LAPTOP-KBNO7HO9" failures="0" tests="2" name="test.TC003_PositiveLogIn_Testcase" time="83.718" errors="0" timestamp="05 Dec 2023 09:06:12 GMT" skipped="0">
  <testcase classname="test.TC003_PositiveLogIn_Testcase" name="logInTest" time="39.099"/>
  <testcase classname="test.TC003_PositiveLogIn_Testcase" name="logInTest" time="44.619"/>
</testsuite> <!-- test.TC003_PositiveLogIn_Testcase -->
