<?xml version="1.0" encoding="UTF-8"?>
<!-- Generated by org.testng.reporters.JUnitReportReporter -->
<testsuite hostname="LAPTOP-KBNO7HO9" failures="0" tests="2" name="test.TC002_LogInTest" time="93.155" errors="0" timestamp="05 Dec 2023 08:31:21 GMT" skipped="0">
  <testcase classname="test.TC002_LogInTest" name="logInTest" time="44.796"/>
  <testcase classname="test.TC002_LogInTest" name="logInTest" time="48.359"/>
</testsuite> <!-- test.TC002_LogInTest -->
