<?xml version="1.0" encoding="UTF-8"?>
<!-- Generated by org.testng.reporters.JUnitReportReporter -->
<testsuite hostname="LAPTOP-KBNO7HO9" failures="0" tests="1" name="test.TC006_BottomLinkTest" time="35.594" errors="0" timestamp="05 Dec 2023 09:13:43 GMT" skipped="0">
  <testcase classname="test.TC006_BottomLinkTest" name="BottomLinkTest" time="35.594"/>
</testsuite> <!-- test.TC006_BottomLinkTest -->
