<?xml version="1.0" encoding="UTF-8"?>
<!-- Generated by org.testng.reporters.JUnitReportReporter -->
<testsuite hostname="LAPTOP-KBNO7HO9" failures="0" tests="2" name="test.TC001_RegisterTest" time="88.184" errors="0" timestamp="05 Dec 2023 08:27:09 GMT" skipped="0">
  <testcase classname="test.TC001_RegisterTest" name="registerTest" time="46.116"/>
  <testcase classname="test.TC001_RegisterTest" name="registerTest" time="42.068"/>
</testsuite> <!-- test.TC001_RegisterTest -->
