<?xml version="1.0" encoding="UTF-8"?>
<!-- Generated by org.testng.reporters.JUnitReportReporter -->
<testsuite hostname="LAPTOP-KBNO7HO9" failures="0" tests="1" name="test.TC004_BottomLinkTest" time="35.470" errors="0" timestamp="05 Dec 2023 09:08:26 GMT" skipped="0">
  <testcase classname="test.TC004_BottomLinkTest" name="BottomLinkTest" time="35.470"/>
</testsuite> <!-- test.TC004_BottomLinkTest -->
