<?xml version="1.0" encoding="UTF-8"?>
<!-- Generated by org.testng.reporters.JUnitReportReporter -->
<testsuite hostname="LAPTOP-KBNO7HO9" failures="0" tests="1" name="test.TC007_AddToCart" time="152.462" errors="0" timestamp="05 Dec 2023 09:19:53 GMT" skipped="0">
  <testcase classname="test.TC007_AddToCart" name="AddToCartPageTest" time="152.462"/>
</testsuite> <!-- test.TC007_AddToCart -->
