<?xml version="1.0" encoding="UTF-8"?>
<!-- Generated by org.testng.reporters.JUnitReportReporter -->
<testsuite hostname="LAPTOP-KBNO7HO9" failures="0" tests="4" name="test.TC002_NegativeRegisterTest" time="208.807" errors="0" timestamp="05 Dec 2023 08:22:42 GMT" skipped="0">
  <testcase classname="test.TC002_NegativeRegisterTest" name="registerTest" time="44.046"/>
  <testcase classname="test.TC002_NegativeRegisterTest" name="registerTest" time="53.975"/>
  <testcase classname="test.TC002_NegativeRegisterTest" name="registerTest" time="57.201"/>
  <testcase classname="test.TC002_NegativeRegisterTest" name="registerTest" time="53.585"/>
</testsuite> <!-- test.TC002_NegativeRegisterTest -->
