<?xml version="1.0" encoding="UTF-8"?>
<!-- Generated by org.testng.reporters.JUnitReportReporter -->
<testsuite hostname="LAPTOP-KBNO7HO9" failures="0" tests="2" name="test.TC002_LogInTest" time="150.713" errors="0" timestamp="22 Nov 2023 04:25:30 GMT" skipped="0">
  <testcase classname="test.TC002_LogInTest" name="logInTest" time="69.131"/>
  <testcase classname="test.TC002_LogInTest" name="logInTest" time="81.582"/>
</testsuite> <!-- test.TC002_LogInTest -->
