<?xml version="1.0" encoding="UTF-8"?>
<!-- Generated by org.testng.reporters.JUnitReportReporter -->
<testsuite hostname="LAPTOP-KBNO7HO9" failures="0" tests="1" name="test.TC007_AddToCart" time="153.919" errors="0" timestamp="2023-12-05T15:44:55 IST" skipped="0">
  <testcase classname="test.TC007_AddToCart" name="AddToCartPageTest" time="153.919"/>
</testsuite> <!-- test.TC007_AddToCart -->
