<?xml version="1.0" encoding="UTF-8"?>
<!-- Generated by org.testng.reporters.JUnitReportReporter -->
<testsuite hostname="LAPTOP-KBNO7HO9" failures="0" tests="4" name="test.TC002_NegativeRegisterTest" time="277.971" errors="0" timestamp="2023-12-05T15:15:15 IST" skipped="0">
  <testcase classname="test.TC002_NegativeRegisterTest" name="registerTest" time="57.169"/>
  <testcase classname="test.TC002_NegativeRegisterTest" name="registerTest" time="63.543"/>
  <testcase classname="test.TC002_NegativeRegisterTest" name="registerTest" time="70.450"/>
  <testcase classname="test.TC002_NegativeRegisterTest" name="registerTest" time="86.809"/>
</testsuite> <!-- test.TC002_NegativeRegisterTest -->
