<?xml version="1.0" encoding="UTF-8"?>
<!-- Generated by org.testng.reporters.JUnitReportReporter -->
<testsuite hostname="LAPTOP-KBNO7HO9" failures="0" tests="2" name="test.TC001_RegisterTest" time="139.733" errors="0" timestamp="2023-12-05T15:15:15 IST" skipped="0">
  <testcase classname="test.TC001_RegisterTest" name="registerTest" time="66.283"/>
  <testcase classname="test.TC001_RegisterTest" name="registerTest" time="73.450"/>
</testsuite> <!-- test.TC001_RegisterTest -->
