<?xml version="1.0" encoding="UTF-8"?>
<!-- Generated by org.testng.reporters.JUnitReportReporter -->
<testsuite hostname="LAPTOP-KBNO7HO9" failures="0" tests="2" name="test.TC004_NegativeLogIn_Testcase" time="86.982" errors="0" timestamp="2023-12-05T15:40:37 IST" skipped="0">
  <testcase classname="test.TC004_NegativeLogIn_Testcase" name="logInTest" time="42.200"/>
  <testcase classname="test.TC004_NegativeLogIn_Testcase" name="logInTest" time="44.782"/>
</testsuite> <!-- test.TC004_NegativeLogIn_Testcase -->
