<?xml version="1.0" encoding="UTF-8"?>
<!-- Generated by org.testng.reporters.JUnitReportReporter -->
<testsuite hostname="LAPTOP-KBNO7HO9" failures="0" tests="2" name="test.TC002_LogInTest" time="113.997" errors="0" timestamp="2023-11-28T11:59:51 IST" skipped="0">
  <testcase classname="test.TC002_LogInTest" name="logInTest" time="57.991"/>
  <testcase classname="test.TC002_LogInTest" name="logInTest" time="56.006"/>
</testsuite> <!-- test.TC002_LogInTest -->
