<?xml version="1.0" encoding="UTF-8"?>
<!-- Generated by org.testng.reporters.JUnitReportReporter -->
<testsuite hostname="LAPTOP-KBNO7HO9" failures="0" tests="1" name="test.TC006_BottomLinkTest" time="39.252" errors="0" timestamp="2023-12-05T15:47:59 IST" skipped="0">
  <testcase classname="test.TC006_BottomLinkTest" name="BottomLinkTest" time="39.252"/>
</testsuite> <!-- test.TC006_BottomLinkTest -->
