<?xml version="1.0" encoding="UTF-8"?>
<!-- Generated by org.testng.reporters.JUnitReportReporter -->
<testsuite hostname="LAPTOP-KBNO7HO9" failures="0" tests="2" name="test.TC003_PositiveLogIn_Testcase" time="93.037" errors="0" timestamp="2023-12-05T15:40:37 IST" skipped="0">
  <testcase classname="test.TC003_PositiveLogIn_Testcase" name="logInTest" time="47.728"/>
  <testcase classname="test.TC003_PositiveLogIn_Testcase" name="logInTest" time="45.309"/>
</testsuite> <!-- test.TC003_PositiveLogIn_Testcase -->
